<?xml version="1.0" encoding="UTF-8"?>
<!-- Generated by org.testng.reporters.JUnitReportReporter -->
<testsuite hostname="SSSilver110014" failures="0" tests="1" name="testCases.TC_004_SearchProductTest" time="0.907" errors="0" timestamp="2024-09-04T20:01:45 IST" skipped="0">
  <testcase classname="testCases.TC_004_SearchProductTest" name="verify_pruductSearch" time="0.907"/>
</testsuite> <!-- testCases.TC_004_SearchProductTest -->
